{
  "uid" : "ee038ed8e74f3100",
  "name" : "test_add_shopping_trolley",
  "fullName" : "test_shopping.TestShoppingTrolley#test_add_shopping_trolley",
  "historyId" : "6c55b2e92bf9111f42b3b959ae7f8f04",
  "time" : {
    "start" : 1616740843343,
    "stop" : 1616740843349,
    "duration" : 6
  },
  "status" : "failed",
  "statusMessage" : "AssertionError: assert 'success' == 'failed'\n  - failed\n  + success",
  "statusTrace" : "self = <测试.test_shopping.TestShoppingTrolley object at 0x7fc71ad699b0>\n\n    @allure.story('加入购物车')  # 用story说明用户场景，可以理解为JIRA中的Story\n    def test_add_shopping_trolley(self):\n        login('刘春明', '密码')  # 步骤1，调用“step函数”\n        with allure.step(\"浏览商品\"):  # 步骤2，step的参数将会打印到测试报告中\n            allure.attach('笔记本', '商品1')  # attach可以打印一些附加信息\n            allure.attach('手机', '商品2')\n        with allure.step(\"点击商品\"):  # 步骤3\n            pass\n        with allure.step(\"校验结果\"):  # 步骤4\n            allure.attach('添加购物车成功', '期望结果')\n            allure.attach('添加购物车失败', '实际结果')\n>           assert 'success' == 'failed'\nE           AssertionError: assert 'success' == 'failed'\nE             - failed\nE             + success\n\ntest_shopping.py:21: AssertionError",
  "flaky" : false,
  "newFailed" : false,
  "beforeStages" : [ ],
  "testStage" : {
    "status" : "failed",
    "statusMessage" : "AssertionError: assert 'success' == 'failed'\n  - failed\n  + success",
    "statusTrace" : "self = <测试.test_shopping.TestShoppingTrolley object at 0x7fc71ad699b0>\n\n    @allure.story('加入购物车')  # 用story说明用户场景，可以理解为JIRA中的Story\n    def test_add_shopping_trolley(self):\n        login('刘春明', '密码')  # 步骤1，调用“step函数”\n        with allure.step(\"浏览商品\"):  # 步骤2，step的参数将会打印到测试报告中\n            allure.attach('笔记本', '商品1')  # attach可以打印一些附加信息\n            allure.attach('手机', '商品2')\n        with allure.step(\"点击商品\"):  # 步骤3\n            pass\n        with allure.step(\"校验结果\"):  # 步骤4\n            allure.attach('添加购物车成功', '期望结果')\n            allure.attach('添加购物车失败', '实际结果')\n>           assert 'success' == 'failed'\nE           AssertionError: assert 'success' == 'failed'\nE             - failed\nE             + success\n\ntest_shopping.py:21: AssertionError",
    "steps" : [ {
      "name" : "用户登录",
      "time" : {
        "start" : 1616740843344,
        "stop" : 1616740843344,
        "duration" : 0
      },
      "status" : "passed",
      "steps" : [ ],
      "attachments" : [ ],
      "parameters" : [ {
        "name" : "user",
        "value" : "'刘春明'"
      }, {
        "name" : "pwd",
        "value" : "'密码'"
      } ],
      "stepsCount" : 0,
      "attachmentsCount" : 0,
      "shouldDisplayMessage" : false,
      "hasContent" : true
    }, {
      "name" : "浏览商品",
      "time" : {
        "start" : 1616740843344,
        "stop" : 1616740843345,
        "duration" : 1
      },
      "status" : "passed",
      "steps" : [ ],
      "attachments" : [ {
        "uid" : "b4f067d12f24cc8c",
        "name" : "商品1",
        "source" : "b4f067d12f24cc8c.attach",
        "type" : "text/plain",
        "size" : 9
      }, {
        "uid" : "67150cb559001e66",
        "name" : "商品2",
        "source" : "67150cb559001e66.attach",
        "type" : "text/plain",
        "size" : 6
      } ],
      "parameters" : [ ],
      "stepsCount" : 0,
      "attachmentsCount" : 2,
      "shouldDisplayMessage" : false,
      "hasContent" : true
    }, {
      "name" : "点击商品",
      "time" : {
        "start" : 1616740843345,
        "stop" : 1616740843345,
        "duration" : 0
      },
      "status" : "passed",
      "steps" : [ ],
      "attachments" : [ ],
      "parameters" : [ ],
      "stepsCount" : 0,
      "attachmentsCount" : 0,
      "shouldDisplayMessage" : false,
      "hasContent" : false
    }, {
      "name" : "校验结果",
      "time" : {
        "start" : 1616740843345,
        "stop" : 1616740843348,
        "duration" : 3
      },
      "status" : "failed",
      "statusMessage" : "AssertionError: assert 'success' == 'failed'\n  - failed\n  + success\n",
      "statusTrace" : "  File \"/home/tarena/测试/test_shopping.py\", line 21, in test_add_shopping_trolley\n    assert 'success' == 'failed'\n",
      "steps" : [ ],
      "attachments" : [ {
        "uid" : "1b30e90340935447",
        "name" : "期望结果",
        "source" : "1b30e90340935447.attach",
        "type" : "text/plain",
        "size" : 21
      }, {
        "uid" : "16a525d246267b57",
        "name" : "实际结果",
        "source" : "16a525d246267b57.attach",
        "type" : "text/plain",
        "size" : 21
      } ],
      "parameters" : [ ],
      "stepsCount" : 0,
      "attachmentsCount" : 2,
      "shouldDisplayMessage" : true,
      "hasContent" : true
    } ],
    "attachments" : [ {
      "uid" : "2856d50e14ccdc68",
      "name" : "stdout",
      "source" : "2856d50e14ccdc68.txt",
      "type" : "text/plain",
      "size" : 17
    } ],
    "parameters" : [ ],
    "stepsCount" : 4,
    "attachmentsCount" : 5,
    "shouldDisplayMessage" : true,
    "hasContent" : true
  },
  "afterStages" : [ ],
  "labels" : [ {
    "name" : "feature",
    "value" : "购物车功能"
  }, {
    "name" : "story",
    "value" : "加入购物车"
  }, {
    "name" : "suite",
    "value" : "test_shopping"
  }, {
    "name" : "subSuite",
    "value" : "TestShoppingTrolley"
  }, {
    "name" : "host",
    "value" : "tedu"
  }, {
    "name" : "thread",
    "value" : "20718-MainThread"
  }, {
    "name" : "framework",
    "value" : "pytest"
  }, {
    "name" : "language",
    "value" : "cpython3"
  }, {
    "name" : "package",
    "value" : "test_shopping"
  }, {
    "name" : "resultFormat",
    "value" : "allure2"
  } ],
  "parameters" : [ ],
  "links" : [ ],
  "hidden" : false,
  "retry" : false,
  "extra" : {
    "severity" : "normal",
    "retries" : [ ],
    "categories" : [ {
      "name" : "Product defects",
      "matchedStatuses" : [ ],
      "flaky" : false
    } ],
    "tags" : [ ]
  },
  "source" : "ee038ed8e74f3100.json",
  "parameterValues" : [ ]
}